2022-09-27 19:00:50.223  INFO 13676 --- [restartedMain] com.example.cart.CartApplication         : Starting CartApplication using Java 17.0.4.1 on DESKTOP-CUO7CEV with PID 13676 (C:\Users\hp\IdeaProjects\Cart\target\classes started by hp in C:\Users\hp\IdeaProjects\Cart)
2022-09-27 19:00:50.228  INFO 13676 --- [restartedMain] com.example.cart.CartApplication         : The following 1 profile is active: "dev"
2022-09-27 19:00:50.280  INFO 13676 --- [restartedMain] .e.DevToolsPropertyDefaultsPostProcessor : Devtools property defaults active! Set 'spring.devtools.add-properties' to 'false' to disable
2022-09-27 19:00:50.281  INFO 13676 --- [restartedMain] .e.DevToolsPropertyDefaultsPostProcessor : For additional web related logging consider setting the 'logging.level.web' property to 'DEBUG'
2022-09-27 19:00:51.028  INFO 13676 --- [restartedMain] .s.d.r.c.RepositoryConfigurationDelegate : Bootstrapping Spring Data JPA repositories in DEFAULT mode.
2022-09-27 19:00:51.138  INFO 13676 --- [restartedMain] .s.d.r.c.RepositoryConfigurationDelegate : Finished Spring Data repository scanning in 103 ms. Found 1 JPA repository interfaces.
2022-09-27 19:00:51.462  INFO 13676 --- [restartedMain] o.s.cloud.context.scope.GenericScope     : BeanFactory id=e7ae2f31-fe9a-303f-a51f-bae5015643c3
2022-09-27 19:00:52.066  INFO 13676 --- [restartedMain] o.s.b.w.embedded.tomcat.TomcatWebServer  : Tomcat initialized with port(s): 8083 (http)
2022-09-27 19:00:52.074  INFO 13676 --- [restartedMain] o.apache.catalina.core.StandardService   : Starting service [Tomcat]
2022-09-27 19:00:52.075  INFO 13676 --- [restartedMain] org.apache.catalina.core.StandardEngine  : Starting Servlet engine: [Apache Tomcat/9.0.65]
2022-09-27 19:00:52.154  INFO 13676 --- [restartedMain] o.a.c.c.C.[Tomcat].[localhost].[/]       : Initializing Spring embedded WebApplicationContext
2022-09-27 19:00:52.155  INFO 13676 --- [restartedMain] w.s.c.ServletWebServerApplicationContext : Root WebApplicationContext: initialization completed in 1873 ms
2022-09-27 19:00:52.311  INFO 13676 --- [restartedMain] o.hibernate.jpa.internal.util.LogHelper  : HHH000204: Processing PersistenceUnitInfo [name: default]
2022-09-27 19:00:52.346  INFO 13676 --- [restartedMain] org.hibernate.Version                    : HHH000412: Hibernate ORM core version 5.6.10.Final
2022-09-27 19:00:52.461  INFO 13676 --- [restartedMain] o.hibernate.annotations.common.Version   : HCANN000001: Hibernate Commons Annotations {5.1.2.Final}
2022-09-27 19:00:52.537  INFO 13676 --- [restartedMain] com.zaxxer.hikari.HikariDataSource       : HikariPool-1 - Starting...
2022-09-27 19:00:52.763  INFO 13676 --- [restartedMain] com.zaxxer.hikari.HikariDataSource       : HikariPool-1 - Start completed.
2022-09-27 19:00:52.785  INFO 13676 --- [restartedMain] org.hibernate.dialect.Dialect            : HHH000400: Using dialect: org.hibernate.dialect.MySQL8Dialect
2022-09-27 19:00:53.313  INFO 13676 --- [restartedMain] o.h.e.t.j.p.i.JtaPlatformInitiator       : HHH000490: Using JtaPlatform implementation: [org.hibernate.engine.transaction.jta.platform.internal.NoJtaPlatform]
2022-09-27 19:00:53.319  INFO 13676 --- [restartedMain] j.LocalContainerEntityManagerFactoryBean : Initialized JPA EntityManagerFactory for persistence unit 'default'
2022-09-27 19:00:53.631  WARN 13676 --- [restartedMain] JpaBaseConfiguration$JpaWebConfiguration : spring.jpa.open-in-view is enabled by default. Therefore, database queries may be performed during view rendering. Explicitly configure spring.jpa.open-in-view to disable this warning
2022-09-27 19:00:53.857  WARN 13676 --- [restartedMain] ion$DefaultTemplateResolverConfiguration : Cannot find template location: classpath:/templates/ (please add some templates or check your Thymeleaf configuration)
2022-09-27 19:00:53.981  INFO 13676 --- [restartedMain] o.s.b.d.a.OptionalLiveReloadServer       : LiveReload server is running on port 35729
2022-09-27 19:00:54.088  INFO 13676 --- [restartedMain] DiscoveryClientOptionalArgsConfiguration : Eureka HTTP Client uses RestTemplate.
2022-09-27 19:00:54.218  WARN 13676 --- [restartedMain] iguration$LoadBalancerCaffeineWarnLogger : Spring Cloud LoadBalancer is currently working with the default cache. While this cache implementation is useful for development and tests, it's recommended to use Caffeine cache in production.You can switch to using Caffeine cache, by adding it and org.springframework.cache.caffeine.CaffeineCacheManager to the classpath.
2022-09-27 19:00:54.280  INFO 13676 --- [restartedMain] o.s.c.n.eureka.InstanceInfoFactory       : Setting initial instance status as: STARTING
2022-09-27 19:00:54.309  INFO 13676 --- [restartedMain] com.netflix.discovery.DiscoveryClient    : Initializing Eureka in region us-east-1
2022-09-27 19:00:54.314  INFO 13676 --- [restartedMain] c.n.d.s.r.aws.ConfigClusterResolver      : Resolving eureka endpoints via configuration
2022-09-27 19:00:54.332  INFO 13676 --- [restartedMain] com.netflix.discovery.DiscoveryClient    : Disable delta property : false
2022-09-27 19:00:54.332  INFO 13676 --- [restartedMain] com.netflix.discovery.DiscoveryClient    : Single vip registry refresh property : null
2022-09-27 19:00:54.333  INFO 13676 --- [restartedMain] com.netflix.discovery.DiscoveryClient    : Force full registry fetch : false
2022-09-27 19:00:54.333  INFO 13676 --- [restartedMain] com.netflix.discovery.DiscoveryClient    : Application is null : false
2022-09-27 19:00:54.333  INFO 13676 --- [restartedMain] com.netflix.discovery.DiscoveryClient    : Registered Applications size is zero : true
2022-09-27 19:00:54.333  INFO 13676 --- [restartedMain] com.netflix.discovery.DiscoveryClient    : Application version is -1: true
2022-09-27 19:00:54.333  INFO 13676 --- [restartedMain] com.netflix.discovery.DiscoveryClient    : Getting all instance registry info from the eureka server
2022-09-27 19:00:54.553  INFO 13676 --- [restartedMain] com.netflix.discovery.DiscoveryClient    : The response status is 200
2022-09-27 19:00:54.556  INFO 13676 --- [restartedMain] com.netflix.discovery.DiscoveryClient    : Starting heartbeat executor: renew interval is: 30
2022-09-27 19:00:54.560  INFO 13676 --- [restartedMain] c.n.discovery.InstanceInfoReplicator     : InstanceInfoReplicator onDemand update allowed rate per min is 4
2022-09-27 19:00:54.566  INFO 13676 --- [restartedMain] com.netflix.discovery.DiscoveryClient    : Discovery Client initialized at timestamp 1664285454564 with initial instances count: 0
2022-09-27 19:00:54.568  INFO 13676 --- [restartedMain] o.s.c.n.e.s.EurekaServiceRegistry        : Registering application CART with eureka with status UP
2022-09-27 19:00:54.570  INFO 13676 --- [restartedMain] com.netflix.discovery.DiscoveryClient    : Saw local status change event StatusChangeEvent [timestamp=1664285454570, current=UP, previous=STARTING]
2022-09-27 19:00:54.572  INFO 13676 --- [DiscoveryClient-InstanceInfoReplicator-0] com.netflix.discovery.DiscoveryClient    : DiscoveryClient_CART/host.docker.internal:Cart:8083: registering service...
2022-09-27 19:00:54.598  INFO 13676 --- [restartedMain] o.s.b.w.embedded.tomcat.TomcatWebServer  : Tomcat started on port(s): 8083 (http) with context path ''
2022-09-27 19:00:54.599  INFO 13676 --- [restartedMain] .s.c.n.e.s.EurekaAutoServiceRegistration : Updating port to 8083
2022-09-27 19:00:54.618  INFO 13676 --- [DiscoveryClient-InstanceInfoReplicator-0] com.netflix.discovery.DiscoveryClient    : DiscoveryClient_CART/host.docker.internal:Cart:8083 - registration status: 204
2022-09-27 19:00:54.670  INFO 13676 --- [restartedMain] com.example.cart.CartApplication         : Started CartApplication in 4.944 seconds (JVM running for 5.673)
2022-09-27 19:00:54.673  INFO 13676 --- [restartedMain] com.example.cart.CartApplication         : !!!.............Hello Logger...........!!!
2022-09-27 19:01:24.557  INFO 13676 --- [DiscoveryClient-CacheRefreshExecutor-0] com.netflix.discovery.DiscoveryClient    : Disable delta property : false
2022-09-27 19:01:24.557  INFO 13676 --- [DiscoveryClient-CacheRefreshExecutor-0] com.netflix.discovery.DiscoveryClient    : Single vip registry refresh property : null
2022-09-27 19:01:24.557  INFO 13676 --- [DiscoveryClient-CacheRefreshExecutor-0] com.netflix.discovery.DiscoveryClient    : Force full registry fetch : false
2022-09-27 19:01:24.557  INFO 13676 --- [DiscoveryClient-CacheRefreshExecutor-0] com.netflix.discovery.DiscoveryClient    : Application is null : false
2022-09-27 19:01:24.557  INFO 13676 --- [DiscoveryClient-CacheRefreshExecutor-0] com.netflix.discovery.DiscoveryClient    : Registered Applications size is zero : true
2022-09-27 19:01:24.557  INFO 13676 --- [DiscoveryClient-CacheRefreshExecutor-0] com.netflix.discovery.DiscoveryClient    : Application version is -1: false
2022-09-27 19:01:24.557  INFO 13676 --- [DiscoveryClient-CacheRefreshExecutor-0] com.netflix.discovery.DiscoveryClient    : Getting all instance registry info from the eureka server
2022-09-27 19:01:24.574  INFO 13676 --- [DiscoveryClient-CacheRefreshExecutor-0] com.netflix.discovery.DiscoveryClient    : The response status is 200
2022-09-27 19:02:20.992  INFO 13676 --- [http-nio-8083-exec-6] o.a.c.c.C.[Tomcat].[localhost].[/]       : Initializing Spring DispatcherServlet 'dispatcherServlet'
2022-09-27 19:02:21.008  INFO 13676 --- [http-nio-8083-exec-6] o.s.web.servlet.DispatcherServlet        : Initializing Servlet 'dispatcherServlet'
2022-09-27 19:02:21.009  INFO 13676 --- [http-nio-8083-exec-6] o.s.web.servlet.DispatcherServlet        : Completed initialization in 0 ms
2022-09-27 19:05:54.337  INFO 13676 --- [AsyncResolver-bootstrap-executor-0] c.n.d.s.r.aws.ConfigClusterResolver      : Resolving eureka endpoints via configuration
2022-09-27 19:07:43.553  INFO 13676 --- [SpringApplicationShutdownHook] o.s.c.n.e.s.EurekaServiceRegistry        : Unregistering application CART with eureka with status DOWN
2022-09-27 19:07:43.554  INFO 13676 --- [SpringApplicationShutdownHook] com.netflix.discovery.DiscoveryClient    : Saw local status change event StatusChangeEvent [timestamp=1664285863554, current=DOWN, previous=UP]
2022-09-27 19:07:43.554  INFO 13676 --- [DiscoveryClient-InstanceInfoReplicator-0] com.netflix.discovery.DiscoveryClient    : DiscoveryClient_CART/host.docker.internal:Cart:8083: registering service...
2022-09-27 19:07:43.559  INFO 13676 --- [DiscoveryClient-InstanceInfoReplicator-0] com.netflix.discovery.DiscoveryClient    : DiscoveryClient_CART/host.docker.internal:Cart:8083 - registration status: 204
2022-09-27 19:07:43.575  INFO 13676 --- [SpringApplicationShutdownHook] j.LocalContainerEntityManagerFactoryBean : Closing JPA EntityManagerFactory for persistence unit 'default'
2022-09-27 19:07:43.577  INFO 13676 --- [SpringApplicationShutdownHook] com.zaxxer.hikari.HikariDataSource       : HikariPool-1 - Shutdown initiated...
2022-09-27 19:07:43.585  INFO 13676 --- [SpringApplicationShutdownHook] com.zaxxer.hikari.HikariDataSource       : HikariPool-1 - Shutdown completed.
2022-09-27 19:07:43.586  INFO 13676 --- [SpringApplicationShutdownHook] com.netflix.discovery.DiscoveryClient    : Shutting down DiscoveryClient ...
2022-09-27 19:07:46.599  INFO 13676 --- [SpringApplicationShutdownHook] com.netflix.discovery.DiscoveryClient    : Unregistering ...
2022-09-27 19:07:46.603  INFO 13676 --- [SpringApplicationShutdownHook] com.netflix.discovery.DiscoveryClient    : DiscoveryClient_CART/host.docker.internal:Cart:8083 - deregister  status: 200
2022-09-27 19:07:46.608  INFO 13676 --- [SpringApplicationShutdownHook] com.netflix.discovery.DiscoveryClient    : Completed shut down of DiscoveryClient
